  example1.cpp
c:\users\czhou4\desktop\pj_3\glslexperiment\single_line.h(12): warning C4305: 'initializing': truncation from 'double' to 'float'
c:\users\czhou4\desktop\pj_3\glslexperiment\example1.cpp(198): warning C4018: '<': signed/unsigned mismatch
c:\users\czhou4\desktop\pj_3\glslexperiment\example1.cpp(349): warning C4244: 'initializing': conversion from 'double' to 'float', possible loss of data
c:\users\czhou4\desktop\pj_3\glslexperiment\example1.cpp(350): warning C4244: 'initializing': conversion from 'double' to 'float', possible loss of data
c:\users\czhou4\desktop\pj_3\glslexperiment\example1.cpp(351): warning C4244: 'initializing': conversion from 'double' to 'float', possible loss of data
c:\users\czhou4\desktop\pj_3\glslexperiment\example1.cpp(378): warning C4244: 'argument': conversion from 'int' to 'GLfloat', possible loss of data
c:\users\czhou4\desktop\pj_3\glslexperiment\example1.cpp(448): warning C4305: 'argument': truncation from 'double' to 'float'
c:\users\czhou4\desktop\pj_3\glslexperiment\example1.cpp(456): warning C4305: 'argument': truncation from 'double' to 'float'
c:\users\czhou4\desktop\pj_3\glslexperiment\example1.cpp(485): warning C4305: 'argument': truncation from 'double' to 'float'
c:\users\czhou4\desktop\pj_3\glslexperiment\example1.cpp(489): warning C4305: 'argument': truncation from 'double' to 'float'
c:\users\czhou4\desktop\pj_3\glslexperiment\example1.cpp(493): warning C4305: 'argument': truncation from 'double' to 'float'
c:\users\czhou4\desktop\pj_3\glslexperiment\example1.cpp(497): warning C4305: 'argument': truncation from 'double' to 'float'
c:\users\czhou4\desktop\pj_3\glslexperiment\example1.cpp(501): warning C4305: 'argument': truncation from 'double' to 'float'
c:\users\czhou4\desktop\pj_3\glslexperiment\example1.cpp(505): warning C4305: 'argument': truncation from 'double' to 'const GLfloat'
  Generating code
  1 of 496 functions ( 0.2%) were compiled, the rest were copied from previous compilation.
    0 functions were new in current compilation
    1 functions had inline decision re-evaluated but remain unchanged
  Finished generating code
  GLSLExperiment.vcxproj -> C:\Users\czhou4\Desktop\pj_3\Release\GLSLExperiment.exe
